2025-08-23T06:39:44.546+03:00  INFO 9696 --- [capstone-3] [restartedMain] c.f.capstone3.Capstone3Application       : Starting Capstone3Application using Java 21.0.7 with PID 9696 (C:\Users\yasir\Desktop\capstone-3\target\classes started by yasir in C:\Users\yasir\Desktop\capstone-3)
2025-08-23T06:39:44.547+03:00  INFO 9696 --- [capstone-3] [restartedMain] c.f.capstone3.Capstone3Application       : No active profile set, falling back to 1 default profile: "default"
2025-08-23T06:39:44.583+03:00  INFO 9696 --- [capstone-3] [restartedMain] .e.DevToolsPropertyDefaultsPostProcessor : Devtools property defaults active! Set 'spring.devtools.add-properties' to 'false' to disable
2025-08-23T06:39:44.584+03:00  INFO 9696 --- [capstone-3] [restartedMain] .e.DevToolsPropertyDefaultsPostProcessor : For additional web related logging consider setting the 'logging.level.web' property to 'DEBUG'
2025-08-23T06:39:45.472+03:00  INFO 9696 --- [capstone-3] [restartedMain] .s.d.r.c.RepositoryConfigurationDelegate : Bootstrapping Spring Data JPA repositories in DEFAULT mode.
2025-08-23T06:39:45.603+03:00  INFO 9696 --- [capstone-3] [restartedMain] .s.d.r.c.RepositoryConfigurationDelegate : Finished Spring Data repository scanning in 121 ms. Found 10 JPA repository interfaces.
2025-08-23T06:39:45.986+03:00  INFO 9696 --- [capstone-3] [restartedMain] o.s.b.w.embedded.tomcat.TomcatWebServer  : Tomcat initialized with port 8080 (http)
2025-08-23T06:39:45.996+03:00  INFO 9696 --- [capstone-3] [restartedMain] o.apache.catalina.core.StandardService   : Starting service [Tomcat]
2025-08-23T06:39:45.997+03:00  INFO 9696 --- [capstone-3] [restartedMain] o.apache.catalina.core.StandardEngine    : Starting Servlet engine: [Apache Tomcat/10.1.43]
2025-08-23T06:39:46.044+03:00  INFO 9696 --- [capstone-3] [restartedMain] o.a.c.c.C.[Tomcat].[localhost].[/]       : Initializing Spring embedded WebApplicationContext
2025-08-23T06:39:46.044+03:00  INFO 9696 --- [capstone-3] [restartedMain] w.s.c.ServletWebServerApplicationContext : Root WebApplicationContext: initialization completed in 1458 ms
2025-08-23T06:39:46.181+03:00  INFO 9696 --- [capstone-3] [restartedMain] o.hibernate.jpa.internal.util.LogHelper  : HHH000204: Processing PersistenceUnitInfo [name: default]
2025-08-23T06:39:46.237+03:00  INFO 9696 --- [capstone-3] [restartedMain] org.hibernate.Version                    : HHH000412: Hibernate ORM core version 6.6.22.Final
2025-08-23T06:39:46.264+03:00  INFO 9696 --- [capstone-3] [restartedMain] o.h.c.internal.RegionFactoryInitiator    : HHH000026: Second-level cache disabled
2025-08-23T06:39:46.463+03:00  INFO 9696 --- [capstone-3] [restartedMain] o.s.o.j.p.SpringPersistenceUnitInfo      : No LoadTimeWeaver setup: ignoring JPA class transformer
2025-08-23T06:39:46.490+03:00  INFO 9696 --- [capstone-3] [restartedMain] com.zaxxer.hikari.HikariDataSource       : HikariPool-1 - Starting...
2025-08-23T06:39:46.600+03:00  INFO 9696 --- [capstone-3] [restartedMain] com.zaxxer.hikari.pool.HikariPool        : HikariPool-1 - Added connection com.mysql.cj.jdbc.ConnectionImpl@5d1f3465
2025-08-23T06:39:46.600+03:00  INFO 9696 --- [capstone-3] [restartedMain] com.zaxxer.hikari.HikariDataSource       : HikariPool-1 - Start completed.
2025-08-23T06:39:46.614+03:00  WARN 9696 --- [capstone-3] [restartedMain] org.hibernate.orm.deprecation            : HHH90000025: MySQL8Dialect does not need to be specified explicitly using 'hibernate.dialect' (remove the property setting and it will be selected by default)
2025-08-23T06:39:46.616+03:00  WARN 9696 --- [capstone-3] [restartedMain] org.hibernate.orm.deprecation            : HHH90000026: MySQL8Dialect has been deprecated; use org.hibernate.dialect.MySQLDialect instead
2025-08-23T06:39:46.626+03:00  INFO 9696 --- [capstone-3] [restartedMain] org.hibernate.orm.connections.pooling    : HHH10001005: Database info:
	Database JDBC URL [Connecting through datasource 'HikariDataSource (HikariPool-1)']
	Database driver: undefined/unknown
	Database version: 8.0
	Autocommit mode: undefined/unknown
	Isolation level: undefined/unknown
	Minimum pool size: undefined/unknown
	Maximum pool size: undefined/unknown
2025-08-23T06:39:47.541+03:00  INFO 9696 --- [capstone-3] [restartedMain] o.h.e.t.j.p.i.JtaPlatformInitiator       : HHH000489: No JTA platform available (set 'hibernate.transaction.jta.platform' to enable JTA platform integration)
2025-08-23T06:39:48.298+03:00  INFO 9696 --- [capstone-3] [restartedMain] j.LocalContainerEntityManagerFactoryBean : Initialized JPA EntityManagerFactory for persistence unit 'default'
2025-08-23T06:39:49.139+03:00  INFO 9696 --- [capstone-3] [restartedMain] o.s.d.j.r.query.QueryEnhancerFactory     : Hibernate is in classpath; If applicable, HQL parser will be used.
2025-08-23T06:39:49.987+03:00  WARN 9696 --- [capstone-3] [restartedMain] JpaBaseConfiguration$JpaWebConfiguration : spring.jpa.open-in-view is enabled by default. Therefore, database queries may be performed during view rendering. Explicitly configure spring.jpa.open-in-view to disable this warning
2025-08-23T06:39:50.329+03:00  INFO 9696 --- [capstone-3] [restartedMain] o.s.b.d.a.OptionalLiveReloadServer       : LiveReload server is running on port 35729
2025-08-23T06:39:50.358+03:00  INFO 9696 --- [capstone-3] [restartedMain] o.s.b.w.embedded.tomcat.TomcatWebServer  : Tomcat started on port 8080 (http) with context path '/'
2025-08-23T06:39:50.368+03:00  INFO 9696 --- [capstone-3] [restartedMain] c.f.capstone3.Capstone3Application       : Started Capstone3Application in 6.23 seconds (process running for 7.02)
2025-08-23T06:39:52.111+03:00  INFO 9696 --- [capstone-3] [SpringApplicationShutdownHook] o.s.b.w.e.tomcat.GracefulShutdown        : Commencing graceful shutdown. Waiting for active requests to complete
2025-08-23T06:39:52.126+03:00  INFO 9696 --- [capstone-3] [tomcat-shutdown] o.s.b.w.e.tomcat.GracefulShutdown        : Graceful shutdown complete
2025-08-23T06:39:52.133+03:00  INFO 9696 --- [capstone-3] [SpringApplicationShutdownHook] j.LocalContainerEntityManagerFactoryBean : Closing JPA EntityManagerFactory for persistence unit 'default'
2025-08-23T06:39:52.136+03:00  INFO 9696 --- [capstone-3] [SpringApplicationShutdownHook] com.zaxxer.hikari.HikariDataSource       : HikariPool-1 - Shutdown initiated...
2025-08-23T06:39:52.142+03:00  INFO 9696 --- [capstone-3] [SpringApplicationShutdownHook] com.zaxxer.hikari.HikariDataSource       : HikariPool-1 - Shutdown completed.
2025-08-23T08:37:03.664+03:00  INFO 5704 --- [capstone-3] [restartedMain] c.f.capstone3.Capstone3Application       : Starting Capstone3Application using Java 21.0.7 with PID 5704 (C:\Users\yasir\Desktop\capstone-3\target\classes started by yasir in C:\Users\yasir\Desktop\capstone-3)
2025-08-23T08:37:03.666+03:00  INFO 5704 --- [capstone-3] [restartedMain] c.f.capstone3.Capstone3Application       : No active profile set, falling back to 1 default profile: "default"
2025-08-23T08:37:03.706+03:00  INFO 5704 --- [capstone-3] [restartedMain] .e.DevToolsPropertyDefaultsPostProcessor : Devtools property defaults active! Set 'spring.devtools.add-properties' to 'false' to disable
2025-08-23T08:37:03.708+03:00  INFO 5704 --- [capstone-3] [restartedMain] .e.DevToolsPropertyDefaultsPostProcessor : For additional web related logging consider setting the 'logging.level.web' property to 'DEBUG'
2025-08-23T08:37:04.435+03:00  INFO 5704 --- [capstone-3] [restartedMain] .s.d.r.c.RepositoryConfigurationDelegate : Bootstrapping Spring Data JPA repositories in DEFAULT mode.
2025-08-23T08:37:04.547+03:00  INFO 5704 --- [capstone-3] [restartedMain] .s.d.r.c.RepositoryConfigurationDelegate : Finished Spring Data repository scanning in 106 ms. Found 10 JPA repository interfaces.
2025-08-23T08:37:04.906+03:00  INFO 5704 --- [capstone-3] [restartedMain] o.s.b.w.embedded.tomcat.TomcatWebServer  : Tomcat initialized with port 8080 (http)
2025-08-23T08:37:04.914+03:00  INFO 5704 --- [capstone-3] [restartedMain] o.apache.catalina.core.StandardService   : Starting service [Tomcat]
2025-08-23T08:37:04.914+03:00  INFO 5704 --- [capstone-3] [restartedMain] o.apache.catalina.core.StandardEngine    : Starting Servlet engine: [Apache Tomcat/10.1.43]
2025-08-23T08:37:04.952+03:00  INFO 5704 --- [capstone-3] [restartedMain] o.a.c.c.C.[Tomcat].[localhost].[/]       : Initializing Spring embedded WebApplicationContext
2025-08-23T08:37:04.953+03:00  INFO 5704 --- [capstone-3] [restartedMain] w.s.c.ServletWebServerApplicationContext : Root WebApplicationContext: initialization completed in 1245 ms
2025-08-23T08:37:05.048+03:00  INFO 5704 --- [capstone-3] [restartedMain] o.hibernate.jpa.internal.util.LogHelper  : HHH000204: Processing PersistenceUnitInfo [name: default]
2025-08-23T08:37:05.077+03:00  INFO 5704 --- [capstone-3] [restartedMain] org.hibernate.Version                    : HHH000412: Hibernate ORM core version 6.6.22.Final
2025-08-23T08:37:05.096+03:00  INFO 5704 --- [capstone-3] [restartedMain] o.h.c.internal.RegionFactoryInitiator    : HHH000026: Second-level cache disabled
2025-08-23T08:37:05.263+03:00  INFO 5704 --- [capstone-3] [restartedMain] o.s.o.j.p.SpringPersistenceUnitInfo      : No LoadTimeWeaver setup: ignoring JPA class transformer
2025-08-23T08:37:05.280+03:00  INFO 5704 --- [capstone-3] [restartedMain] com.zaxxer.hikari.HikariDataSource       : HikariPool-1 - Starting...
2025-08-23T08:37:05.390+03:00  INFO 5704 --- [capstone-3] [restartedMain] com.zaxxer.hikari.pool.HikariPool        : HikariPool-1 - Added connection com.mysql.cj.jdbc.ConnectionImpl@64777aa4
2025-08-23T08:37:05.392+03:00  INFO 5704 --- [capstone-3] [restartedMain] com.zaxxer.hikari.HikariDataSource       : HikariPool-1 - Start completed.
2025-08-23T08:37:05.407+03:00  WARN 5704 --- [capstone-3] [restartedMain] org.hibernate.orm.deprecation            : HHH90000025: MySQL8Dialect does not need to be specified explicitly using 'hibernate.dialect' (remove the property setting and it will be selected by default)
2025-08-23T08:37:05.408+03:00  WARN 5704 --- [capstone-3] [restartedMain] org.hibernate.orm.deprecation            : HHH90000026: MySQL8Dialect has been deprecated; use org.hibernate.dialect.MySQLDialect instead
2025-08-23T08:37:05.418+03:00  INFO 5704 --- [capstone-3] [restartedMain] org.hibernate.orm.connections.pooling    : HHH10001005: Database info:
	Database JDBC URL [Connecting through datasource 'HikariDataSource (HikariPool-1)']
	Database driver: undefined/unknown
	Database version: 8.0
	Autocommit mode: undefined/unknown
	Isolation level: undefined/unknown
	Minimum pool size: undefined/unknown
	Maximum pool size: undefined/unknown
2025-08-23T08:37:06.188+03:00  INFO 5704 --- [capstone-3] [restartedMain] o.h.e.t.j.p.i.JtaPlatformInitiator       : HHH000489: No JTA platform available (set 'hibernate.transaction.jta.platform' to enable JTA platform integration)
2025-08-23T08:37:06.656+03:00  INFO 5704 --- [capstone-3] [restartedMain] j.LocalContainerEntityManagerFactoryBean : Initialized JPA EntityManagerFactory for persistence unit 'default'
2025-08-23T08:37:07.216+03:00  INFO 5704 --- [capstone-3] [restartedMain] o.s.d.j.r.query.QueryEnhancerFactory     : Hibernate is in classpath; If applicable, HQL parser will be used.
2025-08-23T08:37:07.964+03:00  WARN 5704 --- [capstone-3] [restartedMain] JpaBaseConfiguration$JpaWebConfiguration : spring.jpa.open-in-view is enabled by default. Therefore, database queries may be performed during view rendering. Explicitly configure spring.jpa.open-in-view to disable this warning
2025-08-23T08:37:08.294+03:00  INFO 5704 --- [capstone-3] [restartedMain] o.s.b.d.a.OptionalLiveReloadServer       : LiveReload server is running on port 35729
2025-08-23T08:37:08.326+03:00  INFO 5704 --- [capstone-3] [restartedMain] o.s.b.w.embedded.tomcat.TomcatWebServer  : Tomcat started on port 8080 (http) with context path '/'
2025-08-23T08:37:08.335+03:00  INFO 5704 --- [capstone-3] [restartedMain] c.f.capstone3.Capstone3Application       : Started Capstone3Application in 5.052 seconds (process running for 5.775)
2025-08-23T08:38:00.007+03:00  INFO 5704 --- [capstone-3] [scheduling-1] c.fkhrayef.capstone3.Service.AiService   : [AI Usage Scheduler] Starting daily AI usage reset...
2025-08-23T08:38:00.152+03:00  INFO 5704 --- [capstone-3] [scheduling-1] c.fkhrayef.capstone3.Service.AiService   : [AI Usage Scheduler] Daily AI usage reset completed for 1 startups
2025-08-23T08:38:00.154+03:00  INFO 5704 --- [capstone-3] [scheduling-1] c.f.capstone3.Service.PaymentService     : [Scheduler] Starting daily subscription renewal check...
2025-08-23T08:38:00.205+03:00  INFO 5704 --- [capstone-3] [scheduling-1] c.f.capstone3.Service.PaymentService     : [Scheduler] Renewal check completed.
2025-08-23T08:39:00.014+03:00  INFO 5704 --- [capstone-3] [scheduling-1] c.fkhrayef.capstone3.Service.AiService   : [AI Usage Scheduler] Starting daily AI usage reset...
2025-08-23T08:39:00.038+03:00  INFO 5704 --- [capstone-3] [scheduling-1] c.fkhrayef.capstone3.Service.AiService   : [AI Usage Scheduler] Daily AI usage reset completed for 1 startups
2025-08-23T08:39:00.038+03:00  INFO 5704 --- [capstone-3] [scheduling-1] c.f.capstone3.Service.PaymentService     : [Scheduler] Starting daily subscription renewal check...
2025-08-23T08:39:00.041+03:00  INFO 5704 --- [capstone-3] [scheduling-1] c.f.capstone3.Service.PaymentService     : [Scheduler] Renewal check completed.
2025-08-23T08:39:34.947+03:00  INFO 5704 --- [capstone-3] [SpringApplicationShutdownHook] o.s.b.w.e.tomcat.GracefulShutdown        : Commencing graceful shutdown. Waiting for active requests to complete
2025-08-23T08:39:34.954+03:00  INFO 5704 --- [capstone-3] [tomcat-shutdown] o.s.b.w.e.tomcat.GracefulShutdown        : Graceful shutdown complete
2025-08-23T08:39:34.959+03:00  INFO 5704 --- [capstone-3] [SpringApplicationShutdownHook] j.LocalContainerEntityManagerFactoryBean : Closing JPA EntityManagerFactory for persistence unit 'default'
2025-08-23T08:39:34.961+03:00  INFO 5704 --- [capstone-3] [SpringApplicationShutdownHook] com.zaxxer.hikari.HikariDataSource       : HikariPool-1 - Shutdown initiated...
2025-08-23T08:39:34.964+03:00  INFO 5704 --- [capstone-3] [SpringApplicationShutdownHook] com.zaxxer.hikari.HikariDataSource       : HikariPool-1 - Shutdown completed.
